10:04:31.961 [info] Child {LoggerFileBackend, :general_log} of Supervisor Logger.Backends.Supervisor started
Pid: #PID<0.118.0>
Start Call: Logger.Backends.Watcher.start_link({{LoggerFileBackend, :general_log}, {LoggerFileBackend, :general_log}})
Restart: :transient
Shutdown: 5000
Type: :worker
10:04:31.961 [info] Child Logger.Backends.Supervisor of Supervisor Logger.Backends.Internal started
Pid: #PID<0.117.0>
Start Call: Logger.Backends.Supervisor.start_link([{LoggerFileBackend, :general_log}])
Restart: :permanent
Shutdown: :infinity
Type: :supervisor
10:04:31.961 [info] Child Logger.Backends.Internal of Supervisor Logger.Supervisor started
Pid: #PID<0.113.0>
Start Call: Logger.Backends.Internal.start_link([])
Restart: :permanent
Shutdown: :infinity
Type: :supervisor
10:04:31.961 [info] Application logger started at :nonode@nohost
10:04:33.441 [info] Child :ttb_autostart of Supervisor :runtime_tools_sup started
Pid: #PID<0.124.0>
Start Call: :ttb_autostart.start_link()
Restart: :temporary
Shutdown: 3000
Type: :worker
10:04:33.441 [info] Application runtime_tools started at :nonode@nohost
10:04:33.443 [info] Application erts started at :nonode@nohost
10:04:33.443 [info] Application lx_lexical_shared started at :nonode@nohost
10:04:33.443 [info] Application lx_sourceror started at :nonode@nohost
10:04:33.443 [info] Application lx_common started at :nonode@nohost
10:04:33.444 [info] Application lx_elixir_sense started at :nonode@nohost
10:04:33.444 [info] Application jason started at :nonode@nohost
10:04:33.444 [info] Application logger_file_backend started at :nonode@nohost
10:04:33.444 [info] Application lx_path_glob started at :nonode@nohost
10:04:33.444 [info] Application lx_proto started at :nonode@nohost
10:04:33.444 [info] Application lx_protocol started at :nonode@nohost
10:04:33.456 [info] Child LXical.Document.Store of Supervisor LXical.Server.Supervisor started
Pid: #PID<0.139.0>
Start Call: LXical.Document.Store.start_link([])
Restart: :permanent
Shutdown: 5000
Type: :worker
10:04:33.458 [info] Child LXical.Server of Supervisor LXical.Server.Supervisor started
Pid: #PID<0.140.0>
Start Call: LXical.Server.start_link([])
Restart: :permanent
Shutdown: 5000
Type: :worker
10:04:33.458 [info] Child LXical.Server.ProjectSupervisor of Supervisor LXical.Server.Supervisor started
Pid: #PID<0.141.0>
Start Call: DynamicSupervisor.start_link([name: LXical.Server.ProjectSupervisor, strategy: :one_for_one])
Restart: :permanent
Shutdown: :infinity
Type: :supervisor
10:04:33.458 [info] Child LXical.Server.Provider.Queue.Supervisor of Supervisor LXical.Server.Supervisor started
Pid: #PID<0.142.0>
Start Call: Task.Supervisor.start_link([name: LXical.Server.Provider.Queue.Supervisor])
Restart: :permanent
Shutdown: :infinity
Type: :supervisor
10:04:33.461 [info] Child LXical.Server.Provider.Queue of Supervisor LXical.Server.Supervisor started
Pid: #PID<0.143.0>
Start Call: LXical.Server.Provider.Queue.start_link([])
Restart: :permanent
Shutdown: 5000
Type: :worker
10:04:33.461 [info] Child LXical.Server.Transport.StdIO of Supervisor LXical.Server.Supervisor started
Pid: #PID<0.144.0>
Start Call: LXical.Server.Transport.StdIO.start_link(:standard_io, &LXical.Server.protocol_message/1)
Restart: :permanent
Shutdown: 5000
Type: :worker
10:04:33.467 [info] Application lx_server started at :nonode@nohost
10:04:33.475 [info] Starting project at uri file:///Users/zoedsoupe/dev/supabase/supabase_potion
10:04:33.492 [info] Child {LXical.Server.Project.Progress, "supabase_potion"} of Supervisor :"supabase_potion::supervisor" started
Pid: #PID<0.146.0>
Start Call: LXical.Server.Project.Progress.start_link(%LXical.Project{root_uri: "file:///Users/zoedsoupe/dev/supabase/supabase_potion", mix_exs_uri: "file:///Users/zoedsoupe/dev/supabase/supabase_potion/mix.exs", mix_project?: true, mix_env: nil, mix_target: nil, env_variables: %{}, project_module: nil, entropy: 45926, project_config: []})
Restart: :permanent
Shutdown: 5000
Type: :worker
10:04:33.496 [info] Child {LXical.RemoteControl.ProjectNodeSupervisor, "supabase_potion"} of Supervisor :"supabase_potion::supervisor" started
Pid: #PID<0.147.0>
Start Call: LXical.RemoteControl.ProjectNodeSupervisor.start_link(%LXical.Project{root_uri: "file:///Users/zoedsoupe/dev/supabase/supabase_potion", mix_exs_uri: "file:///Users/zoedsoupe/dev/supabase/supabase_potion/mix.exs", mix_project?: true, mix_env: nil, mix_target: nil, env_variables: %{}, project_module: nil, entropy: 45926, project_config: []})
Restart: :permanent
Shutdown: 5000
Type: :worker
10:04:33.508 [info] Child :erl_epmd of Supervisor :net_sup started
Pid: #PID<0.150.0>
Start Call: :erl_epmd.start_link()
Restart: :permanent
Shutdown: 2000
Type: :worker
10:04:33.510 [info] Child :auth of Supervisor :net_sup started
Pid: #PID<0.151.0>
Start Call: :auth.start_link()
Restart: :permanent
Shutdown: 2000
Type: :worker
10:04:33.512 [info] Child :net_kernel of Supervisor :net_sup started
Pid: #PID<0.152.0>
Start Call: :net_kernel.start_link(%{name: :"manager-supabase_potion-45926@127.0.0.1", supervisor: :net_sup_dynamic, net_tickintensity: 4, net_ticktime: 60, name_domain: :longnames, clean_halt: false})
Restart: :permanent
Shutdown: 2000
Type: :worker
10:04:33.512 [info] Child :net_sup_dynamic of Supervisor :kernel_sup started
Pid: #PID<0.149.0>
Start Call: :erl_distribution.start_link(%{name: :"manager-supabase_potion-45926@127.0.0.1", supervisor: :net_sup_dynamic, net_tickintensity: 4, net_ticktime: 60, name_domain: :longnames, clean_halt: false})
Restart: :permanent
Shutdown: 1000
Type: :supervisor
10:04:34.039 [info] Child {LXical.Server.Project.Node, "supabase_potion"} of Supervisor :"supabase_potion::supervisor" started
Pid: #PID<0.148.0>
Start Call: LXical.Server.Project.Node.start_link(%LXical.Project{root_uri: "file:///Users/zoedsoupe/dev/supabase/supabase_potion", mix_exs_uri: "file:///Users/zoedsoupe/dev/supabase/supabase_potion/mix.exs", mix_project?: true, mix_env: nil, mix_target: nil, env_variables: %{}, project_module: nil, entropy: 45926, project_config: []})
Restart: :permanent
Shutdown: 5000
Type: :worker
10:04:34.043 [info] Child {LXical.Server.Project.Diagnostics, "supabase_potion"} of Supervisor :"supabase_potion::supervisor" started
Pid: #PID<0.160.0>
Start Call: LXical.Server.Project.Diagnostics.start_link(%LXical.Project{root_uri: "file:///Users/zoedsoupe/dev/supabase/supabase_potion", mix_exs_uri: "file:///Users/zoedsoupe/dev/supabase/supabase_potion/mix.exs", mix_project?: true, mix_env: nil, mix_target: nil, env_variables: %{}, project_module: nil, entropy: 45926, project_config: []})
Restart: :permanent
Shutdown: 5000
Type: :worker
10:04:34.045 [info] Child {LXical.Server.Project.Intelligence, "supabase_potion"} of Supervisor :"supabase_potion::supervisor" started
Pid: #PID<0.161.0>
Start Call: LXical.Server.Project.Intelligence.start_link(%LXical.Project{root_uri: "file:///Users/zoedsoupe/dev/supabase/supabase_potion", mix_exs_uri: "file:///Users/zoedsoupe/dev/supabase/supabase_potion/mix.exs", mix_project?: true, mix_env: nil, mix_target: nil, env_variables: %{}, project_module: nil, entropy: 45926, project_config: []})
Restart: :permanent
Shutdown: 5000
Type: :worker
10:04:34.047 [info] Lexical Initialized
10:04:34.047 [info] opened file:///Users/zoedsoupe/dev/supabase/supabase_potion/apps/supabase_storage/mix.exs
10:04:34.254 [info] Compiled supabase_potion in 190 ms
10:04:34.258 [error] Invalid diagnostic: {:exception, {%Mix.Error{message: "Can't continue due to errors on dependencies", mix: 1}, [{Mix, :raise, 2, [file: ~c"lib/mix.ex", line: 577]}, {Mix.Dep.Fetcher, :do_finalize, 3, [file: ~c"lib/mix/dep/fetcher.ex", line: 120]}, {Mix.Dep.Fetcher, :all, 3, [file: ~c"lib/mix/dep/fetcher.ex", line: 17]}, {Mix.Tasks.Deps.Get, :run, 1, [file: ~c"lib/mix/tasks/deps.get.ex", line: 34]}, {Mix.Task, :"-run_task/5-fun-3-", 3, [file: ~c"lib/mix/task.ex", line: 455]}, {LXical.RemoteControl.Build.Progress, :with_progress, 2, [file: ~c"lib/lexical/remote_control/build/progress.ex", line: 14]}, {LXical.RemoteControl.Build.Project, :prepare_for_project_build, 1, [file: ~c"lib/lexical/remote_control/build/project.ex", line: 61]}, {LXical.RemoteControl.Build.Project, :"-compile/2-fun-2-", 3, [file: ~c"lib/lexical/remote_control/build/project.ex", line: 14]}]}, [{Mix, :raise, 2, [file: ~c"lib/mix.ex", line: 577]}, {Mix.Dep.Fetcher, :do_finalize, 3, [file: ~c"lib/mix/dep/fetcher.ex", line: 120]}, {Mix.Dep.Fetcher, :all, 3, [file: ~c"lib/mix/dep/fetcher.ex", line: 17]}, {Mix.Tasks.Deps.Get, :run, 1, [file: ~c"lib/mix/tasks/deps.get.ex", line: 34]}, {Mix.Task, :"-run_task/5-fun-3-", 3, [file: ~c"lib/mix/task.ex", line: 455]}, {LXical.RemoteControl.Build.Progress, :with_progress, 2, [file: ~c"lib/lexical/remote_control/build/progress.ex", line: 14]}, {LXical.RemoteControl.Build.Project, :prepare_for_project_build, 1, [file: ~c"lib/lexical/remote_control/build/project.ex", line: 61]}, {LXical.RemoteControl.Build.Project, :"-compile/2-fun-2-", 3, [file: ~c"lib/lexical/remote_control/build/project.ex", line: 14]}]}
10:04:41.496 [info] Completion for %LXical.Document.Position{line: 41, character: 16, valid?: true, context_line: {:line, "  defp umbrella", "\n", 41, true}, document_line_count: 68, starting_index: 1}
10:04:42.149 [info] Completion for %LXical.Document.Position{line: 41, character: 20, valid?: true, context_line: {:line, "  defp umbrella_dep", "\n", 41, true}, document_line_count: 68, starting_index: 1}
10:04:42.429 [info] Local completions are [%LXical.RemoteControl.Completion.Candidate.Function{argument_names: [], arity: 0, name: "umbrella", origin: "Supabase.Storage.MixProject", type: :function, visibility: :private, spec: "", metadata: %{}}]
10:04:42.431 [info] Local completions are [%LXical.RemoteControl.Completion.Candidate.Function{argument_names: [], arity: 0, name: "umbrella_dep", origin: "Supabase.Storage.MixProject", type: :function, visibility: :private, spec: "", metadata: %{}}]
10:04:42.439 [info] Emitting completions: [#Protocol.Types.Completion.Item<[label: "umbrella_dep()", kind: :function, text_edit: %LXical.Document.Changes{document: #LXical.Document<path: "/Users/zoedsoupe/dev/supabase/supabase_potion/apps/supabase_storage/mix.exs", version: 19, dirty?: true, lines: %Lines<"defmodule Supabase.Storage.MixProject do..."(68 lines)>, ...>, edits: %LXical.Document.Edit{text: "umbrella_dep()", range: %LXical.Document.Range{start: %LXical.Document.Position{line: 41, character: 8, valid?: true, context_line: {:line, "  defp umbrella_dep", "\n", 41, true}, document_line_count: 68, starting_index: 1}, end: %LXical.Document.Position{line: 41, character: 20, valid?: true, context_line: {:line, "  defp umbrella_dep", "\n", 41, true}, document_line_count: 68, starting_index: 1}}}}, insert_text_format: :snippet, sort_text: "094_umbrella_dep:000"]>]
10:04:42.440 [info] Emitting completions: [#Protocol.Types.Completion.Item<[label: "umbrella()", kind: :function, text_edit: %LXical.Document.Changes{document: #LXical.Document<path: "/Users/zoedsoupe/dev/supabase/supabase_potion/apps/supabase_storage/mix.exs", version: 15, dirty?: true, lines: %Lines<"defmodule Supabase.Storage.MixProject do..."(68 lines)>, ...>, edits: %LXical.Document.Edit{text: "umbrella()", range: %LXical.Document.Range{start: %LXical.Document.Position{line: 41, character: 8, valid?: true, context_line: {:line, "  defp umbrella", "\n", 41, true}, document_line_count: 68, starting_index: 1}, end: %LXical.Document.Position{line: 41, character: 16, valid?: true, context_line: {:line, "  defp umbrella", "\n", 41, true}, document_line_count: 68, starting_index: 1}}}}, insert_text_format: :snippet, sort_text: "094_umbrella:000"]>]
10:04:44.456 [info] Emitting completions: []
10:04:46.653 [info] Completion for %LXical.Document.Position{line: 41, character: 31, valid?: true, context_line: {:line, "  defp umbrella_dep(:prod), do", "\n", 41, true}, document_line_count: 68, starting_index: 1}
10:04:46.706 [info] Local completions are [%LXical.RemoteControl.Completion.Candidate.Function{argument_names: [], arity: 0, name: "description", origin: "Supabase.Storage.MixProject", type: :function, visibility: :private, spec: "", metadata: %{}}, %LXical.RemoteControl.Completion.Candidate.Function{argument_names: [], arity: 0, name: "docs", origin: "Supabase.Storage.MixProject", type: :function, visibility: :private, spec: "", metadata: %{}}, %LXical.RemoteControl.Completion.Candidate.Macro{argument_names: ["fields"], arity: 1, name: "defexception", origin: "Kernel", type: :macro, visibility: :public, spec: "", metadata: %{}}, %LXical.RemoteControl.Completion.Candidate.Macro{argument_names: ["call"], arity: 1, name: "defmacro", origin: "Kernel", type: :macro, visibility: :public, spec: "", metadata: %{defaults: 1}}, %LXical.RemoteControl.Completion.Candidate.Macro{argument_names: ["call", "expr"], arity: 2, name: "defmacro", origin: "Kernel", type: :macro, visibility: :public, spec: "", metadata: %{defaults: 1}}, %LXical.RemoteControl.Completion.Candidate.Macro{argument_names: ["call"], arity: 1, name: "defmacrop", origin: "Kernel", type: :macro, visibility: :public, spec: "", metadata: %{defaults: 1}}, %LXical.RemoteControl.Completion.Candidate.Macro{argument_names: ["call", "expr"], arity: 2, name: "defmacrop", origin: "Kernel", type: :macro, visibility: :public, spec: "", metadata: %{defaults: 1}}, %LXical.RemoteControl.Completion.Candidate.Macro{argument_names: ["alias", "do_block"], arity: 2, name: "defmodule", origin: "Kernel", type: :macro, visibility: :public, spec: "", metadata: %{}}, %LXical.RemoteControl.Completion.Candidate.Macro{argument_names: ["keywords_or_behaviour"], arity: 1, name: "defoverridable", origin: "Kernel", type: :macro, visibility: :public, spec: "", metadata: %{}}, %LXical.RemoteControl.Completion.Candidate.Macro{argument_names: ["name", "do_block"], arity: 2, name: "defprotocol", origin: "Kernel", type: :macro, visibility: :public, spec: "", metadata: %{}}]
10:04:46.744 [info] Emitting completions: [#Protocol.Types.Completion.Item<[label: "description()", kind: :function, text_edit: %LXical.Document.Changes{document: #LXical.Document<path: "/Users/zoedsoupe/dev/supabase/supabase_potion/apps/supabase_storage/mix.exs", version: 29, dirty?: true, lines: %Lines<"defmodule Supabase.Storage.MixProject do..."(68 lines)>, ...>, edits: %LXical.Document.Edit{text: "description()", range: %LXical.Document.Range{start: %LXical.Document.Position{line: 41, character: 29, valid?: true, context_line: {:line, "  defp umbrella_dep(:prod), do", "\n", 41, true}, document_line_count: 68, starting_index: 1}, end: %LXical.Document.Position{line: 41, character: 31, valid?: true, context_line: {:line, "  defp umbrella_dep(:prod), do", "\n", 41, true}, document_line_count: 68, starting_index: 1}}}}, insert_text_format: :snippet, sort_text: "094_description:000"]>, #Protocol.Types.Completion.Item<[label: "docs()", kind: :function, text_edit: %LXical.Document.Changes{document: #LXical.Document<path: "/Users/zoedsoupe/dev/supabase/supabase_potion/apps/supabase_storage/mix.exs", version: 29, dirty?: true, lines: %Lines<"defmodule Supabase.Storage.MixProject do..."(68 lines)>, ...>, edits: %LXical.Document.Edit{text: "docs()", range: %LXical.Document.Range{start: %LXical.Document.Position{line: 41, character: 29, valid?: true, context_line: {:line, "  defp umbrella_dep(:prod), do", "\n", 41, true}, document_line_count: 68, starting_index: 1}, end: %LXical.Document.Position{line: 41, character: 31, valid?: true, context_line: {:line, "  defp umbrella_dep(:prod), do", "\n", 41, true}, document_line_count: 68, starting_index: 1}}}}, insert_text_format: :snippet, sort_text: "094_docs:000"]>, #Protocol.Types.Completion.Item<[label: "defexception (define an exception)", kind: :class, detail: "", text_edit: %LXical.Document.Changes{document: #LXical.Document<path: "/Users/zoedsoupe/dev/supabase/supabase_potion/apps/supabase_storage/mix.exs", version: 29, dirty?: true, lines: %Lines<"defmodule Supabase.Storage.MixProject do..."(68 lines)>, ...>, edits: %LXical.Document.Edit{text: "defexception [${1::message}]", range: %LXical.Document.Range{start: %LXical.Document.Position{line: 41, character: 29, valid?: true, context_line: {:line, "  defp umbrella_dep(:prod), do", "\n", 41, true}, document_line_count: 68, starting_index: 1}, end: %LXical.Document.Position{line: 41, character: 31, valid?: true, context_line: {:line, "  defp umbrella_dep(:prod), do", "\n", 41, true}, document_line_count: 68, starting_index: 1}}}}, insert_text_format: :snippet, sort_text: "098_defexception (define an exception)"]>, #Protocol.Types.Completion.Item<[label: "defmacro (define a macro)", kind: :class, detail: "", text_edit: %LXical.Document.Changes{document: #LXical.Document<path: "/Users/zoedsoupe/dev/supabase/supabase_potion/apps/supabase_storage/mix.exs", version: 29, dirty?: true, lines: %Lines<"defmodule Supabase.Storage.MixProject do..."(68 lines)>, ...>, edits: %LXical.Document.Edit{text: "defmacro ${1:name}($2) do\n  $0\nend", range: %LXical.Document.Range{start: %LXical.Document.Position{line: 41, character: 29, valid?: true, context_line: {:line, "  defp umbrella_dep(:prod), do", "\n", 41, true}, document_line_count: 68, starting_index: 1}, end: %LXical.Document.Position{line: 41, character: 31, valid?: true, context_line: {:line, "  defp umbrella_dep(:prod), do", "\n", 41, true}, document_line_count: 68, starting_index: 1}}}}, insert_text_format: :snippet, sort_text: "093_defmacro (define a macro)"]>, #Protocol.Types.Completion.Item<[label: "defmacrop (define a private macro)", kind: :class, detail: "", text_edit: %LXical.Document.Changes{document: #LXical.Document<path: "/Users/zoedsoupe/dev/supabase/supabase_potion/apps/supabase_storage/mix.exs", version: 29, dirty?: true, lines: %Lines<"defmodule Supabase.Storage.MixProject do..."(68 lines)>, ...>, edits: %LXical.Document.Edit{text: "defmacrop ${1:name}($2) do\n  $0\nend", range: %LXical.Document.Range{start: %LXical.Document.Position{line: 41, character: 29, valid?: true, context_line: {:line, "  defp umbrella_dep(:prod), do", "\n", 41, true}, document_line_count: 68, starting_index: 1}, end: %LXical.Document.Position{line: 41, character: 31, valid?: true, context_line: {:line, "  defp umbrella_dep(:prod), do", "\n", 41, true}, document_line_count: 68, starting_index: 1}}}}, insert_text_format: :snippet, sort_text: "094_defmacrop (define a private macro)"]>, #Protocol.Types.Completion.Item<[label: "defmodule (define a module)", kind: :class, detail: "", text_edit: %LXical.Document.Changes{document: #LXical.Document<path: "/Users/zoedsoupe/dev/supabase/supabase_potion/apps/supabase_storage/mix.exs", version: 29, dirty?: true, lines: %Lines<"defmodule Supabase.Storage.MixProject do..."(68 lines)>, ...>, edits: %LXical.Document.Edit{text: "defmodule ${1:Mix} do\n  $0\nend", range: %LXical.Document.Range{start: %LXical.Document.Position{line: 41, character: 29, valid?: true, context_line: {:line, "  defp umbrella_dep(:prod), do", "\n", 41, true}, document_line_count: 68, starting_index: 1}, end: %LXical.Document.Position{line: 41, character: 31, valid?: true, context_line: {:line, "  defp umbrella_dep(:prod), do", "\n", 41, true}, document_line_count: 68, starting_index: 1}}}}, insert_text_format: :snippet, sort_text: "092_defmodule (define a module)"]>, #Protocol.Types.Completion.Item<[label: "defoverridable (mark a function as overridable)", kind: :class, detail: "", text_edit: %LXical.Document.Changes{document: #LXical.Document<path: "/Users/zoedsoupe/dev/supabase/supabase_potion/apps/supabase_storage/mix.exs", version: 29, dirty?: true, lines: %Lines<"defmodule Supabase.Storage.MixProject do..."(68 lines)>, ...>, edits: %LXical.Document.Edit{text: "defoverridable ${1:keyword_or_behaviour}", range: %LXical.Document.Range{start: %LXical.Document.Position{line: 41, character: 29, valid?: true, context_line: {:line, "  defp umbrella_dep(:prod), do", "\n", 41, true}, document_line_count: 68, starting_index: 1}, end: %LXical.Document.Position{line: 41, character: 31, valid?: true, context_line: {:line, "  defp umbrella_dep(:prod), do", "\n", 41, true}, document_line_count: 68, starting_index: 1}}}}, insert_text_format: :snippet, sort_text: "098_defoverridable (mark a function as overridable)"]>, #Protocol.Types.Completion.Item<[label: "defprotocol (define a protocol)", kind: :class, detail: "", text_edit: %LXical.Document.Changes{document: #LXical.Document<path: "/Users/zoedsoupe/dev/supabase/supabase_potion/apps/supabase_storage/mix.exs", version: 29, dirty?: true, lines: %Lines<"defmodule Supabase.Storage.MixProject do..."(68 lines)>, ...>, edits: %LXical.Document.Edit{text: "defprotocol ${1:protocol_name} do\n  $0\nend", range: %LXical.Document.Range{start: %LXical.Document.Position{line: 41, character: 29, valid?: true, context_line: {:line, "  defp umbrella_dep(:prod), do", "\n", 41, true}, document_line_count: 68, starting_index: 1}, end: %LXical.Document.Position{line: 41, character: 31, valid?: true, context_line: {:line, "  defp umbrella_dep(:prod), do", "\n", 41, true}, document_line_count: 68, starting_index: 1}}}}, insert_text_format: :snippet, sort_text: "098_defprotocol (define a protocol)"]>]
10:04:46.795 [info] Emitting completions: []
10:04:47.561 [info] Completion for %LXical.Document.Position{line: 41, character: 35, valid?: true, context_line: {:line, "  defp umbrella_dep(:prod), do: \"~\"", "\n", 41, true}, document_line_count: 68, starting_index: 1}
10:04:47.622 [info] Local completions are [%LXical.RemoteControl.Completion.Candidate.Macro{argument_names: ["term", "modifiers"], arity: 2, name: "~C", origin: "Kernel", type: :macro, visibility: :public, spec: "", metadata: %{}}, %LXical.RemoteControl.Completion.Candidate.Macro{argument_names: ["date_string", "modifiers"], arity: 2, name: "~D", origin: "Kernel", type: :macro, visibility: :public, spec: "", metadata: %{}}, %LXical.RemoteControl.Completion.Candidate.Macro{argument_names: ["naive_datetime_string", "modifiers"], arity: 2, name: "~N", origin: "Kernel", type: :macro, visibility: :public, spec: "", metadata: %{}}, %LXical.RemoteControl.Completion.Candidate.Macro{argument_names: ["term", "modifiers"], arity: 2, name: "~R", origin: "Kernel", type: :macro, visibility: :public, spec: "", metadata: %{}}, %LXical.RemoteControl.Completion.Candidate.Macro{argument_names: ["term", "modifiers"], arity: 2, name: "~S", origin: "Kernel", type: :macro, visibility: :public, spec: "", metadata: %{}}, %LXical.RemoteControl.Completion.Candidate.Macro{argument_names: ["time_string", "modifiers"], arity: 2, name: "~T", origin: "Kernel", type: :macro, visibility: :public, spec: "", metadata: %{}}, %LXical.RemoteControl.Completion.Candidate.Macro{argument_names: ["datetime_string", "modifiers"], arity: 2, name: "~U", origin: "Kernel", type: :macro, visibility: :public, spec: "", metadata: %{since: "1.9.0"}}, %LXical.RemoteControl.Completion.Candidate.Macro{argument_names: ["term", "modifiers"], arity: 2, name: "~W", origin: "Kernel", type: :macro, visibility: :public, spec: "", metadata: %{}}, %LXical.RemoteControl.Completion.Candidate.Macro{argument_names: ["term", "modifiers"], arity: 2, name: "~c", origin: "Kernel", type: :macro, visibility: :public, spec: "", metadata: %{}}, %LXical.RemoteControl.Completion.Candidate.Macro{argument_names: ["term", "modifiers"], arity: 2, name: "~r", origin: "Kernel", type: :macro, visibility: :public, spec: "", metadata: %{}}, %LXical.RemoteControl.Completion.Candidate.Macro{argument_names: ["term", "modifiers"], arity: 2, name: "~s", origin: "Kernel", type: :macro, visibility: :public, spec: "", metadata: %{}}, %LXical.RemoteControl.Completion.Candidate.Macro{argument_names: ["term", "modifiers"], arity: 2, name: "~w", origin: "Kernel", type: :macro, visibility: :public, spec: "", metadata: %{}}]
10:04:47.669 [info] Emitting completions: [#Protocol.Types.Completion.Item<[label: "~C(term, modifiers)", kind: :function, text_edit: %LXical.Document.Changes{document: #LXical.Document<path: "/Users/zoedsoupe/dev/supabase/supabase_potion/apps/supabase_storage/mix.exs", version: 33, dirty?: true, lines: %Lines<"defmodule Supabase.Storage.MixProject do..."(68 lines)>, ...>, edits: %LXical.Document.Edit{text: "~C(${1:term}, ${2:modifiers})", range: %LXical.Document.Range{start: %LXical.Document.Position{line: 41, character: 34, valid?: true, context_line: {:line, "  defp umbrella_dep(:prod), do: \"~\"", "\n", 41, true}, document_line_count: 68, starting_index: 1}, end: %LXical.Document.Position{line: 41, character: 35, valid?: true, context_line: {:line, "  defp umbrella_dep(:prod), do: \"~\"", "\n", 41, true}, document_line_count: 68, starting_index: 1}}}}, insert_text_format: :snippet, sort_text: "094_~C:002"]>, #Protocol.Types.Completion.Item<[label: "~D(date_string, modifiers)", kind: :function, text_edit: %LXical.Document.Changes{document: #LXical.Document<path: "/Users/zoedsoupe/dev/supabase/supabase_potion/apps/supabase_storage/mix.exs", version: 33, dirty?: true, lines: %Lines<"defmodule Supabase.Storage.MixProject do..."(68 lines)>, ...>, edits: %LXical.Document.Edit{text: "~D(${1:date_string}, ${2:modifiers})", range: %LXical.Document.Range{start: %LXical.Document.Position{line: 41, character: 34, valid?: true, context_line: {:line, "  defp umbrella_dep(:prod), do: \"~\"", "\n", 41, true}, document_line_count: 68, starting_index: 1}, end: %LXical.Document.Position{line: 41, character: 35, valid?: true, context_line: {:line, "  defp umbrella_dep(:prod), do: \"~\"", "\n", 41, true}, document_line_count: 68, starting_index: 1}}}}, insert_text_format: :snippet, sort_text: "094_~D:002"]>, #Protocol.Types.Completion.Item<[label: "~N(naive_datetime_string, modifiers)", kind: :function, text_edit: %LXical.Document.Changes{document: #LXical.Document<path: "/Users/zoedsoupe/dev/supabase/supabase_potion/apps/supabase_storage/mix.exs", version: 33, dirty?: true, lines: %Lines<"defmodule Supabase.Storage.MixProject do..."(68 lines)>, ...>, edits: %LXical.Document.Edit{text: "~N(${1:naive_datetime_string}, ${2:modifiers})", range: %LXical.Document.Range{start: %LXical.Document.Position{line: 41, character: 34, valid?: true, context_line: {:line, "  defp umbrella_dep(:prod), do: \"~\"", "\n", 41, true}, document_line_count: 68, starting_index: 1}, end: %LXical.Document.Position{line: 41, character: 35, valid?: true, context_line: {:line, "  defp umbrella_dep(:prod), do: \"~\"", "\n", 41, true}, document_line_count: 68, starting_index: 1}}}}, insert_text_format: :snippet, sort_text: "094_~N:002"]>, #Protocol.Types.Completion.Item<[label: "~R(term, modifiers)", kind: :function, text_edit: %LXical.Document.Changes{document: #LXical.Document<path: "/Users/zoedsoupe/dev/supabase/supabase_potion/apps/supabase_storage/mix.exs", version: 33, dirty?: true, lines: %Lines<"defmodule Supabase.Storage.MixProject do..."(68 lines)>, ...>, edits: %LXical.Document.Edit{text: "~R(${1:term}, ${2:modifiers})", range: %LXical.Document.Range{start: %LXical.Document.Position{line: 41, character: 34, valid?: true, context_line: {:line, "  defp umbrella_dep(:prod), do: \"~\"", "\n", 41, true}, document_line_count: 68, starting_index: 1}, end: %LXical.Document.Position{line: 41, character: 35, valid?: true, context_line: {:line, "  defp umbrella_dep(:prod), do: \"~\"", "\n", 41, true}, document_line_count: 68, starting_index: 1}}}}, insert_text_format: :snippet, sort_text: "094_~R:002"]>, #Protocol.Types.Completion.Item<[label: "~S(term, modifiers)", kind: :function, text_edit: %LXical.Document.Changes{document: #LXical.Document<path: "/Users/zoedsoupe/dev/supabase/supabase_potion/apps/supabase_storage/mix.exs", version: 33, dirty?: true, lines: %Lines<"defmodule Supabase.Storage.MixProject do..."(68 lines)>, ...>, edits: %LXical.Document.Edit{text: "~S(${1:term}, ${2:modifiers})", range: %LXical.Document.Range{start: %LXical.Document.Position{line: 41, character: 34, valid?: true, context_line: {:line, "  defp umbrella_dep(:prod), do: \"~\"", "\n", 41, true}, document_line_count: 68, starting_index: 1}, end: %LXical.Document.Position{line: 41, character: 35, valid?: true, context_line: {:line, "  defp umbrella_dep(:prod), do: \"~\"", "\n", 41, true}, document_line_count: 68, starting_index: 1}}}}, insert_text_format: :snippet, sort_text: "094_~S:002"]>, #Protocol.Types.Completion.Item<[label: "~T(time_string, modifiers)", kind: :function, text_edit: %LXical.Document.Changes{document: #LXical.Document<path: "/Users/zoedsoupe/dev/supabase/supabase_potion/apps/supabase_storage/mix.exs", version: 33, dirty?: true, lines: %Lines<"defmodule Supabase.Storage.MixProject do..."(68 lines)>, ...>, edits: %LXical.Document.Edit{text: "~T(${1:time_string}, ${2:modifiers})", range: %LXical.Document.Range{start: %LXical.Document.Position{line: 41, character: 34, valid?: true, context_line: {:line, "  defp umbrella_dep(:prod), do: \"~\"", "\n", 41, true}, document_line_count: 68, starting_index: 1}, end: %LXical.Document.Position{line: 41, character: 35, valid?: true, context_line: {:line, "  defp umbrella_dep(:prod), do: \"~\"", "\n", 41, true}, document_line_count: 68, starting_index: 1}}}}, insert_text_format: :snippet, sort_text: "094_~T:002"]>, #Protocol.Types.Completion.Item<[label: "~U(datetime_string, modifiers)", kind: :function, text_edit: %LXical.Document.Changes{document: #LXical.Document<path: "/Users/zoedsoupe/dev/supabase/supabase_potion/apps/supabase_storage/mix.exs", version: 33, dirty?: true, lines: %Lines<"defmodule Supabase.Storage.MixProject do..."(68 lines)>, ...>, edits: %LXical.Document.Edit{text: "~U(${1:datetime_string}, ${2:modifiers})", range: %LXical.Document.Range{start: %LXical.Document.Position{line: 41, character: 34, valid?: true, context_line: {:line, "  defp umbrella_dep(:prod), do: \"~\"", "\n", 41, true}, document_line_count: 68, starting_index: 1}, end: %LXical.Document.Position{line: 41, character: 35, valid?: true, context_line: {:line, "  defp umbrella_dep(:prod), do: \"~\"", "\n", 41, true}, document_line_count: 68, starting_index: 1}}}}, insert_text_format: :snippet, sort_text: "094_~U:002"]>, #Protocol.Types.Completion.Item<[label: "~W(term, modifiers)", kind: :function, text_edit: %LXical.Document.Changes{document: #LXical.Document<path: "/Users/zoedsoupe/dev/supabase/supabase_potion/apps/supabase_storage/mix.exs", version: 33, dirty?: true, lines: %Lines<"defmodule Supabase.Storage.MixProject do..."(68 lines)>, ...>, edits: %LXical.Document.Edit{text: "~W(${1:term}, ${2:modifiers})", range: %LXical.Document.Range{start: %LXical.Document.Position{line: 41, character: 34, valid?: true, context_line: {:line, "  defp umbrella_dep(:prod), do: \"~\"", "\n", 41, true}, document_line_count: 68, starting_index: 1}, end: %LXical.Document.Position{line: 41, character: 35, valid?: true, context_line: {:line, "  defp umbrella_dep(:prod), do: \"~\"", "\n", 41, true}, document_line_count: 68, starting_index: 1}}}}, insert_text_format: :snippet, sort_text: "094_~W:002"]>, #Protocol.Types.Completion.Item<[label: "~c(term, modifiers)", kind: :function, text_edit: %LXical.Document.Changes{document: #LXical.Document<path: "/Users/zoedsoupe/dev/supabase/supabase_potion/apps/supabase_storage/mix.exs", version: 33, dirty?: true, lines: %Lines<"defmodule Supabase.Storage.MixProject do..."(68 lines)>, ...>, edits: %LXical.Document.Edit{text: "~c(${1:term}, ${2:modifiers})", range: %LXical.Document.Range{start: %LXical.Document.Position{line: 41, character: 34, valid?: true, context_line: {:line, "  defp umbrella_dep(:prod), do: \"~\"", "\n", 41, true}, document_line_count: 68, starting_index: 1}, end: %LXical.Document.Position{line: 41, character: 35, valid?: true, context_line: {:line, "  defp umbrella_dep(:prod), do: \"~\"", "\n", 41, true}, document_line_count: 68, starting_index: 1}}}}, insert_text_format: :snippet, sort_text: "094_~c:002"]>, #Protocol.Types.Completion.Item<[label: "~ (truncated)
10:04:49.208 [info] Emitting completions: []
10:04:53.146 [info] Completion for %LXical.Document.Position{line: 42, character: 16, valid?: true, context_line: {:line, "  defp umbrella", "\n", 42, true}, document_line_count: 69, starting_index: 1}
10:04:53.191 [info] Local completions are [%LXical.RemoteControl.Completion.Candidate.Function{argument_names: [], arity: 0, name: "umbrella", origin: "Supabase.Storage.MixProject", type: :function, visibility: :private, spec: "", metadata: %{}}, %LXical.RemoteControl.Completion.Candidate.Function{argument_names: [":prod"], arity: 1, name: "umbrella_dep", origin: "Supabase.Storage.MixProject", type: :function, visibility: :private, spec: "", metadata: %{}}]
10:04:53.200 [info] Emitting completions: [#Protocol.Types.Completion.Item<[label: "umbrella()", kind: :function, text_edit: %LXical.Document.Changes{document: #LXical.Document<path: "/Users/zoedsoupe/dev/supabase/supabase_potion/apps/supabase_storage/mix.exs", version: 52, dirty?: true, lines: %Lines<"defmodule Supabase.Storage.MixProject do..."(69 lines)>, ...>, edits: %LXical.Document.Edit{text: "umbrella()", range: %LXical.Document.Range{start: %LXical.Document.Position{line: 42, character: 8, valid?: true, context_line: {:line, "  defp umbrella", "\n", 42, true}, document_line_count: 69, starting_index: 1}, end: %LXical.Document.Position{line: 42, character: 16, valid?: true, context_line: {:line, "  defp umbrella", "\n", 42, true}, document_line_count: 69, starting_index: 1}}}}, insert_text_format: :snippet, sort_text: "094_umbrella:000"]>, #Protocol.Types.Completion.Item<[label: "umbrella_dep(:prod)", kind: :function, text_edit: %LXical.Document.Changes{document: #LXical.Document<path: "/Users/zoedsoupe/dev/supabase/supabase_potion/apps/supabase_storage/mix.exs", version: 52, dirty?: true, lines: %Lines<"defmodule Supabase.Storage.MixProject do..."(69 lines)>, ...>, edits: %LXical.Document.Edit{text: "umbrella_dep(${1::prod})", range: %LXical.Document.Range{start: %LXical.Document.Position{line: 42, character: 8, valid?: true, context_line: {:line, "  defp umbrella", "\n", 42, true}, document_line_count: 69, starting_index: 1}, end: %LXical.Document.Position{line: 42, character: 16, valid?: true, context_line: {:line, "  defp umbrella", "\n", 42, true}, document_line_count: 69, starting_index: 1}}}}, insert_text_format: :snippet, sort_text: "094_umbrella_dep:001"]>]
10:04:55.950 [info] Completion for %LXical.Document.Position{line: 42, character: 27, valid?: true, context_line: {:line, "  defp umbrella_dep(_), do", "\n", 42, true}, document_line_count: 69, starting_index: 1}
10:04:56.004 [info] Local completions are [%LXical.RemoteControl.Completion.Candidate.Function{argument_names: [], arity: 0, name: "description", origin: "Supabase.Storage.MixProject", type: :function, visibility: :private, spec: "", metadata: %{}}, %LXical.RemoteControl.Completion.Candidate.Function{argument_names: [], arity: 0, name: "docs", origin: "Supabase.Storage.MixProject", type: :function, visibility: :private, spec: "", metadata: %{}}, %LXical.RemoteControl.Completion.Candidate.Macro{argument_names: ["fields"], arity: 1, name: "defexception", origin: "Kernel", type: :macro, visibility: :public, spec: "", metadata: %{}}, %LXical.RemoteControl.Completion.Candidate.Macro{argument_names: ["call"], arity: 1, name: "defmacro", origin: "Kernel", type: :macro, visibility: :public, spec: "", metadata: %{defaults: 1}}, %LXical.RemoteControl.Completion.Candidate.Macro{argument_names: ["call", "expr"], arity: 2, name: "defmacro", origin: "Kernel", type: :macro, visibility: :public, spec: "", metadata: %{defaults: 1}}, %LXical.RemoteControl.Completion.Candidate.Macro{argument_names: ["call"], arity: 1, name: "defmacrop", origin: "Kernel", type: :macro, visibility: :public, spec: "", metadata: %{defaults: 1}}, %LXical.RemoteControl.Completion.Candidate.Macro{argument_names: ["call", "expr"], arity: 2, name: "defmacrop", origin: "Kernel", type: :macro, visibility: :public, spec: "", metadata: %{defaults: 1}}, %LXical.RemoteControl.Completion.Candidate.Macro{argument_names: ["alias", "do_block"], arity: 2, name: "defmodule", origin: "Kernel", type: :macro, visibility: :public, spec: "", metadata: %{}}, %LXical.RemoteControl.Completion.Candidate.Macro{argument_names: ["keywords_or_behaviour"], arity: 1, name: "defoverridable", origin: "Kernel", type: :macro, visibility: :public, spec: "", metadata: %{}}, %LXical.RemoteControl.Completion.Candidate.Macro{argument_names: ["name", "do_block"], arity: 2, name: "defprotocol", origin: "Kernel", type: :macro, visibility: :public, spec: "", metadata: %{}}]
10:04:56.039 [info] Emitting completions: [#Protocol.Types.Completion.Item<[label: "description()", kind: :function, text_edit: %LXical.Document.Changes{document: #LXical.Document<path: "/Users/zoedsoupe/dev/supabase/supabase_potion/apps/supabase_storage/mix.exs", version: 62, dirty?: true, lines: %Lines<"defmodule Supabase.Storage.MixProject do..."(69 lines)>, ...>, edits: %LXical.Document.Edit{text: "description()", range: %LXical.Document.Range{start: %LXical.Document.Position{line: 42, character: 25, valid?: true, context_line: {:line, "  defp umbrella_dep(_), do", "\n", 42, true}, document_line_count: 69, starting_index: 1}, end: %LXical.Document.Position{line: 42, character: 27, valid?: true, context_line: {:line, "  defp umbrella_dep(_), do", "\n", 42, true}, document_line_count: 69, starting_index: 1}}}}, insert_text_format: :snippet, sort_text: "094_description:000"]>, #Protocol.Types.Completion.Item<[label: "docs()", kind: :function, text_edit: %LXical.Document.Changes{document: #LXical.Document<path: "/Users/zoedsoupe/dev/supabase/supabase_potion/apps/supabase_storage/mix.exs", version: 62, dirty?: true, lines: %Lines<"defmodule Supabase.Storage.MixProject do..."(69 lines)>, ...>, edits: %LXical.Document.Edit{text: "docs()", range: %LXical.Document.Range{start: %LXical.Document.Position{line: 42, character: 25, valid?: true, context_line: {:line, "  defp umbrella_dep(_), do", "\n", 42, true}, document_line_count: 69, starting_index: 1}, end: %LXical.Document.Position{line: 42, character: 27, valid?: true, context_line: {:line, "  defp umbrella_dep(_), do", "\n", 42, true}, document_line_count: 69, starting_index: 1}}}}, insert_text_format: :snippet, sort_text: "094_docs:000"]>, #Protocol.Types.Completion.Item<[label: "defexception (define an exception)", kind: :class, detail: "", text_edit: %LXical.Document.Changes{document: #LXical.Document<path: "/Users/zoedsoupe/dev/supabase/supabase_potion/apps/supabase_storage/mix.exs", version: 62, dirty?: true, lines: %Lines<"defmodule Supabase.Storage.MixProject do..."(69 lines)>, ...>, edits: %LXical.Document.Edit{text: "defexception [${1::message}]", range: %LXical.Document.Range{start: %LXical.Document.Position{line: 42, character: 25, valid?: true, context_line: {:line, "  defp umbrella_dep(_), do", "\n", 42, true}, document_line_count: 69, starting_index: 1}, end: %LXical.Document.Position{line: 42, character: 27, valid?: true, context_line: {:line, "  defp umbrella_dep(_), do", "\n", 42, true}, document_line_count: 69, starting_index: 1}}}}, insert_text_format: :snippet, sort_text: "098_defexception (define an exception)"]>, #Protocol.Types.Completion.Item<[label: "defmacro (define a macro)", kind: :class, detail: "", text_edit: %LXical.Document.Changes{document: #LXical.Document<path: "/Users/zoedsoupe/dev/supabase/supabase_potion/apps/supabase_storage/mix.exs", version: 62, dirty?: true, lines: %Lines<"defmodule Supabase.Storage.MixProject do..."(69 lines)>, ...>, edits: %LXical.Document.Edit{text: "defmacro ${1:name}($2) do\n  $0\nend", range: %LXical.Document.Range{start: %LXical.Document.Position{line: 42, character: 25, valid?: true, context_line: {:line, "  defp umbrella_dep(_), do", "\n", 42, true}, document_line_count: 69, starting_index: 1}, end: %LXical.Document.Position{line: 42, character: 27, valid?: true, context_line: {:line, "  defp umbrella_dep(_), do", "\n", 42, true}, document_line_count: 69, starting_index: 1}}}}, insert_text_format: :snippet, sort_text: "093_defmacro (define a macro)"]>, #Protocol.Types.Completion.Item<[label: "defmacrop (define a private macro)", kind: :class, detail: "", text_edit: %LXical.Document.Changes{document: #LXical.Document<path: "/Users/zoedsoupe/dev/supabase/supabase_potion/apps/supabase_storage/mix.exs", version: 62, dirty?: true, lines: %Lines<"defmodule Supabase.Storage.MixProject do..."(69 lines)>, ...>, edits: %LXical.Document.Edit{text: "defmacrop ${1:name}($2) do\n  $0\nend", range: %LXical.Document.Range{start: %LXical.Document.Position{line: 42, character: 25, valid?: true, context_line: {:line, "  defp umbrella_dep(_), do", "\n", 42, true}, document_line_count: 69, starting_index: 1}, end: %LXical.Document.Position{line: 42, character: 27, valid?: true, context_line: {:line, "  defp umbrella_dep(_), do", "\n", 42, true}, document_line_count: 69, starting_index: 1}}}}, insert_text_format: :snippet, sort_text: "094_defmacrop (define a private macro)"]>, #Protocol.Types.Completion.Item<[label: "defmodule (define a module)", kind: :class, detail: "", text_edit: %LXical.Document.Changes{document: #LXical.Document<path: "/Users/zoedsoupe/dev/supabase/supabase_potion/apps/supabase_storage/mix.exs", version: 62, dirty?: true, lines: %Lines<"defmodule Supabase.Storage.MixProject do..."(69 lines)>, ...>, edits: %LXical.Document.Edit{text: "defmodule ${1:Mix} do\n  $0\nend", range: %LXical.Document.Range{start: %LXical.Document.Position{line: 42, character: 25, valid?: true, context_line: {:line, "  defp umbrella_dep(_), do", "\n", 42, true}, document_line_count: 69, starting_index: 1}, end: %LXical.Document.Position{line: 42, character: 27, valid?: true, context_line: {:line, "  defp umbrella_dep(_), do", "\n", 42, true}, document_line_count: 69, starting_index: 1}}}}, insert_text_format: :snippet, sort_text: "092_defmodule (define a module)"]>, #Protocol.Types.Completion.Item<[label: "defoverridable (mark a function as overridable)", kind: :class, detail: "", text_edit: %LXical.Document.Changes{document: #LXical.Document<path: "/Users/zoedsoupe/dev/supabase/supabase_potion/apps/supabase_storage/mix.exs", version: 62, dirty?: true, lines: %Lines<"defmodule Supabase.Storage.MixProject do..."(69 lines)>, ...>, edits: %LXical.Document.Edit{text: "defoverridable ${1:keyword_or_behaviour}", range: %LXical.Document.Range{start: %LXical.Document.Position{line: 42, character: 25, valid?: true, context_line: {:line, "  defp umbrella_dep(_), do", "\n", 42, true}, document_line_count: 69, starting_index: 1}, end: %LXical.Document.Position{line: 42, character: 27, valid?: true, context_line: {:line, "  defp umbrella_dep(_), do", "\n", 42, true}, document_line_count: 69, starting_index: 1}}}}, insert_text_format: :snippet, sort_text: "098_defoverridable (mark a function as overridable)"]>, #Protocol.Types.Completion.Item<[label: "defprotocol (define a protocol)", kind: :class, detail: "", text_edit: %LXical.Document.Changes{document: #LXical.Document<path: "/Users/zoedsoupe/dev/supabase/supabase_potion/apps/supabase_storage/mix.exs", version: 62, dirty?: true, lines: %Lines<"defmodule Supabase.Storage.MixProject do..."(69 lines)>, ...>, edits: %LXical.Document.Edit{text: "defprotocol ${1:protocol_name} do\n  $0\nend", range: %LXical.Document.Range{start: %LXical.Document.Position{line: 42, character: 25, valid?: true, context_line: {:line, "  defp umbrella_dep(_), do", "\n", 42, true}, document_line_count: 69, starting_index: 1}, end: %LXical.Document.Position{line: 42, character: 27, valid?: true, context_line: {:line, "  defp umbrella_dep(_), do", "\n", 42, true}, document_line_count: 69, starting_index: 1}}}}, insert_text_format: :snippet, sort_text: "098_defprotocol (define a protocol)"]>]
10:04:56.078 [info] Emitting completions: []
10:04:57.525 [info] Completion for %LXical.Document.Position{line: 42, character: 33, valid?: true, context_line: {:line, "  defp umbrella_dep(_), do: [in_]", "\n", 42, true}, document_line_count: 69, starting_index: 1}
10:04:57.561 [info] Local completions are []
10:04:57.561 [info] Emitting completions: []
10:04:59.124 [info] Emitting completions: []
10:05:00.179 [info] Completion for %LXical.Document.Position{line: 42, character: 47, valid?: true, context_line: {:line, "  defp umbrella_dep(_), do: [in_umbrella: true]", "\n", 42, true}, document_line_count: 69, starting_index: 1}
10:05:00.219 [info] Local completions are []
10:05:00.219 [info] Emitting completions: []
10:05:04.534 [info] Completion for %LXical.Document.Position{line: 34, character: 31, valid?: true, context_line: {:line, "      {:supabase_potion, umbre},", "\n", 34, true}, document_line_count: 69, starting_index: 1}
10:05:04.577 [info] Local completions are [%LXical.RemoteControl.Completion.Candidate.Function{argument_names: ["_"], arity: 1, name: "umbrella_dep", origin: "Supabase.Storage.MixProject", type: :function, visibility: :private, spec: "", metadata: %{}}]
10:05:04.584 [info] Emitting completions: [#Protocol.Types.Completion.Item<[label: "umbrella_dep(_)", kind: :function, text_edit: %LXical.Document.Changes{document: #LXical.Document<path: "/Users/zoedsoupe/dev/supabase/supabase_potion/apps/supabase_storage/mix.exs", version: 88, dirty?: true, lines: %Lines<"defmodule Supabase.Storage.MixProject do..."(69 lines)>, ...>, edits: %LXical.Document.Edit{text: "umbrella_dep(${1:_})", range: %LXical.Document.Range{start: %LXical.Document.Position{line: 34, character: 26, valid?: true, context_line: {:line, "      {:supabase_potion, umbre},", "\n", 34, true}, document_line_count: 69, starting_index: 1}, end: %LXical.Document.Position{line: 34, character: 31, valid?: true, context_line: {:line, "      {:supabase_potion, umbre},", "\n", 34, true}, document_line_count: 69, starting_index: 1}}}}, insert_text_format: :snippet, sort_text: "094_umbrella_dep:001"]>]
10:05:05.877 [info] Completion for %LXical.Document.Position{line: 34, character: 43, valid?: true, context_line: {:line, "      {:supabase_potion, umbrella_dep(Mix.)},", "\n", 34, true}, document_line_count: 69, starting_index: 1}
10:05:05.972 [info] Local completions are [%LXical.RemoteControl.Completion.Candidate.Module{full_name: "Mix.AppLoader", metadata: %{}, name: "AppLoader", summary: ""}, %LXical.RemoteControl.Completion.Candidate.Module{full_name: "Mix.CLI", metadata: %{}, name: "CLI", summary: ""}, %LXical.RemoteControl.Completion.Candidate.Module{full_name: "Mix.Compilers", metadata: %{}, name: "Compilers", summary: ""}, %LXical.RemoteControl.Completion.Candidate.Module{full_name: "Mix.Config", metadata: %{}, name: "Config", summary: ""}, %LXical.RemoteControl.Completion.Candidate.Struct{full_name: "Mix.Dep", metadata: %{}, name: "Dep", summary: ""}, %LXical.RemoteControl.Completion.Candidate.Exception{full_name: "Mix.ElixirVersionError", metadata: %{}, name: "ElixirVersionError", summary: ""}, %LXical.RemoteControl.Completion.Candidate.Exception{full_name: "Mix.Error", metadata: %{}, name: "Error", summary: ""}, %LXical.RemoteControl.Completion.Candidate.Module{full_name: "Mix.Generator", metadata: %{}, name: "Generator", summary: "Conveniences for working with paths and generating content.\n"}, %LXical.RemoteControl.Completion.Candidate.Module{full_name: "Mix.Hex", metadata: %{}, name: "Hex", summary: ""}, %LXical.RemoteControl.Completion.Candidate.Exception{full_name: "Mix.InvalidTaskError", metadata: %{}, name: "InvalidTaskError", summary: ""}, %LXical.RemoteControl.Completion.Candidate.Module{full_name: "Mix.Local", metadata: %{}, name: "Local", summary: ""}, %LXical.RemoteControl.Completion.Candidate.Exception{full_name: "Mix.NoProjectError", metadata: %{}, name: "NoProjectError", summary: ""}, %LXical.RemoteControl.Completion.Candidate.Exception{full_name: "Mix.NoTaskError", metadata: %{}, name: "NoTaskError", summary: ""}, %LXical.RemoteControl.Completion.Candidate.Module{full_name: "Mix.Project", metadata: %{}, name: "Project", summary: "Defines and manipulates Mix projects."}, %LXical.RemoteControl.Completion.Candidate.Module{full_name: "Mix.ProjectStack", metadata: %{}, name: "ProjectStack", summary: ""}, %LXical.RemoteControl.Completion.Candidate.Module{full_name: "Mix.Rebar", metadata: %{}, name: "Rebar", summary: ""}, %LXical.RemoteControl.Completion.Candidate.Struct{full_name: "Mix.Release", metadata: %{}, name: "Release", summary: "Defines the release structure and convenience for assembling releases.\n"}, %LXical.RemoteControl.Completion.Candidate.Behaviour{full_name: "Mix.RemoteConverger", metadata: %{}, name: "RemoteConverger", summary: ""}, %LXical.RemoteControl.Completion.Candidate.Behaviour{full_name: "Mix.SCM", metadata: %{}, name: "SCM", summary: "This module provides helper functions and defines the\nbehaviour required by any source code manager (SCM) used by Mix.\n"}, %LXical.RemoteControl.Completion.Candidate.Struct{full_name: "Mix.Shell", metadata: %{}, name: "Shell", summary: "Defines `Mix.Shell` contract.\n"}, %LXical.RemoteControl.Completion.Candidate.Module{full_name: "Mix.State", metadata: %{}, name: "State", summary: ""}, %LXical.RemoteControl.Completion.Candidate.Behaviour{full_name: "Mix.Task", metadata: %{}, name: "Task", summary: "Provides conveniences for creating, loading, and manipulating Mix tasks."}, %LXical.RemoteControl.Completion.Candidate.Module{full_name: "Mix.Tasks", metadata: %{}, name: "Tasks", summary: ""}, %LXical.RemoteControl.Completion.Candidate.Module{full_name: "Mix.TasksServer", metadata: %{}, name: "TasksServer", summary: ""}, %LXical.RemoteControl.Completion.Candidate.Module{full_name: "Mix.Utils", metadata: %{}, name: "Utils", summary: ""}, %LXical.RemoteControl.Completion.Candidate.Function{argument_names: ["atom"], arity: 1, name: "__info__", origin: "Mix", type: :function, visibility: :public, spec: "@spec __info__(:attributes) :: keyword()\n@spec __info__(:compile) :: [term()]\n@spec __info__(:functions) :: [{atom, non_neg_integer}]\n@spec __info__(:macros) :: [{atom, non_neg_integer}]\n@spec __info__(:md5) :: binary()\n@spec __info__(:module) :: module()", metadata: %{builtin: true}}, %LXical.RemoteControl.Completion.Candidate.Function{argument_names: [], arity: 0, name: "compilers", origin: "Mix", type: :function, visibility: :public, spec: "@spec compilers :: [atom]", metadata: %{}}, %LXical.RemoteControl.Completion.Candidate.Function{argument_names: ["debug"], arity: 1, name: "debug", origin: "Mix", type: :function, visibility: :public, spec: "@spec debug(boolean) :: :ok", metadata: %{}}, %LXical.RemoteControl.Completion.Candidate.Function{argument_names: [], arity: 0, name: "debug?", origin: "Mix", type: :function, visibility: :public, spec: "@spec debug? :: boolean", metadata: %{}}, %LXical.RemoteControl.Completion.Candidate.Function{argument_names: ["app"], arity: 1, name: "ensure_application!", origin: "Mix", type: :function, visibility: :public, spec: "", metadata: %{since: "1.15.0"}}, %LXical.RemoteControl.Completion.Candidate.Function{argument_names: [], arity: 0, name: "env", origin: "Mix", type: :function, visibility: :public, spec: "@spec env :: atom", metadata: %{}}, %LXical.RemoteControl.Completion.Candidate.Function{argument_names: ["env"], arity: 1, name: "env", origin: "Mix", type: :function, visibility: :public, spec: "@spec env(atom) :: :ok", metadata: %{}}, %LXical.RemoteControl.Completion.Candidate.Function{argument_names: ["deps"], arity: 1, name: "install", origin: "Mix", type: :function, visibility: :public, spec: "", metadata: %{defaults: 1, since: "1.12.0"}}, %LXical.RemoteControl.Completion.Candidate.Function{argument_names: ["deps", "opts"], arity: 2, name: "install", origin: "Mix", type: :function, visibility: :public, spec: "", metadata: %{defaults: 1, since: "1.12.0"}}, %LXical.RemoteControl.Completion.Candidate.Function{argument_names: [], arity: 0, name: "install?", origin: "Mix", type: :function, visibility: :public, spec: "", metadata: %{}}, %LXical.RemoteControl.Completion.Candidate.Function{argument_names: [], arity: 0, name: "installed?", origin: "Mix", type: :function, visibility: :public, spec: "", metadata: %{since: "1.13.0"}}, %LXical.RemoteControl.Completion.Candidate.Function{argument_names: [], arity: 0, name: "module_info", origin: "Mix", type: :function, visibility: :public, spec: "@spec module_info :: [{:module | :attributes | :compile | :exports | :md5 | :native, term}]", metadata: %{builtin: true}}, %LXical.RemoteControl.Completion.Candidate.Function{argument_names: ["key"], arity: 1, name: "module_info", origin: "Mix", type: :function, visibility: :public, spec: "@spec module_info(:module) :: atom\n@spec module_info(:attributes | :compile) :: [{atom, term}]\n@spec module_info(:md5) :: binary\n@spec module_info(:exports | :functions | :nifs) :: [{atom, non_neg_integer}]\n@spec module_info(:native) :: boolean", metadata: %{builtin: true}}, %LXical.RemoteControl.Completion.Candidate.Function{argument_names: ["atom"], arity: 1, name: "path_for", origin: "Mix", type: :function, visibility: :public, spec: "@spec path_for(:archives | :escripts) :: String.t", metadata: %{since: "1.10.0"}}, %LXical.RemoteControl.Completion.Candidate.Function{argument_names: ["message"], arity: 1, name: "raise", origin: "Mix", type: :function, visibility: :public, spec: "@spec raise(binary) :: no_return", metadata: %{}}, %LXical.RemoteControl.Completion.Candidate.Function{argument_names: ["message", "opts"], arity: 2, name: "raise", origin: "Mix", type: :function, visibility: :public, spec: "@spec raise(binary, [{:exit_status, non_neg_integer}]) :: no_return", metadata: %{since: "1.12.3"}}, %LXical.RemoteControl.Completion.Candidate.Function{argument_names: [], arity: 0, name: "shell", origin: "Mix", type: :function, visibility: :public, spec: "@spec shell :: module", metadata: %{}}, %LXical.RemoteControl.Completion.Candidate.Function{argument_names: ["shell"], arity: 1, name: "shell", origin: "Mix", type: :function, visibility: :public, spec: "@spec shell(module) :: :ok", ...}, %LXical.RemoteControl.Completion.Candidate.Function{argument_names: [], arity: 0, name: "start", origin: "Mix", type: :function, visibility: :public, ...}, %LXical.RemoteControl.Completion.Candidate.Function{argu (truncated)
10:05:06.123 [info] Emitting completions: [#Protocol.Types.Completion.Item<[label: "AppLoader", kind: :module, detail: "Mix.AppLoader", text_edit: %LXical.Document.Changes{document: #LXical.Document<path: "/Users/zoedsoupe/dev/supabase/supabase_potion/apps/supabase_storage/mix.exs", version: 95, dirty?: true, lines: %Lines<"defmodule Supabase.Storage.MixProject do..."(69 lines)>, ...>, edits: %LXical.Document.Edit{text: "AppLoader", range: %LXical.Document.Range{start: %LXical.Document.Position{line: 34, character: 43, valid?: true, context_line: {:line, "      {:supabase_potion, umbrella_dep(Mix.)},", "\n", 34, true}, document_line_count: 69, starting_index: 1}, end: %LXical.Document.Position{line: 34, character: 43, valid?: true, context_line: {:line, "      {:supabase_potion, umbrella_dep(Mix.)},", "\n", 34, true}, document_line_count: 69, starting_index: 1}}}}, sort_text: "079_AppLoader"]>, #Protocol.Types.Completion.Item<[label: "CLI", kind: :module, detail: "Mix.CLI", text_edit: %LXical.Document.Changes{document: #LXical.Document<path: "/Users/zoedsoupe/dev/supabase/supabase_potion/apps/supabase_storage/mix.exs", version: 95, dirty?: true, lines: %Lines<"defmodule Supabase.Storage.MixProject do..."(69 lines)>, ...>, edits: %LXical.Document.Edit{text: "CLI", range: %LXical.Document.Range{start: %LXical.Document.Position{line: 34, character: 43, valid?: true, context_line: {:line, "      {:supabase_potion, umbrella_dep(Mix.)},", "\n", 34, true}, document_line_count: 69, starting_index: 1}, end: %LXical.Document.Position{line: 34, character: 43, valid?: true, context_line: {:line, "      {:supabase_potion, umbrella_dep(Mix.)},", "\n", 34, true}, document_line_count: 69, starting_index: 1}}}}, sort_text: "079_CLI"]>, #Protocol.Types.Completion.Item<[label: "Compilers", kind: :module, detail: "Mix.Compilers", text_edit: %LXical.Document.Changes{document: #LXical.Document<path: "/Users/zoedsoupe/dev/supabase/supabase_potion/apps/supabase_storage/mix.exs", version: 95, dirty?: true, lines: %Lines<"defmodule Supabase.Storage.MixProject do..."(69 lines)>, ...>, edits: %LXical.Document.Edit{text: "Compilers", range: %LXical.Document.Range{start: %LXical.Document.Position{line: 34, character: 43, valid?: true, context_line: {:line, "      {:supabase_potion, umbrella_dep(Mix.)},", "\n", 34, true}, document_line_count: 69, starting_index: 1}, end: %LXical.Document.Position{line: 34, character: 43, valid?: true, context_line: {:line, "      {:supabase_potion, umbrella_dep(Mix.)},", "\n", 34, true}, document_line_count: 69, starting_index: 1}}}}, sort_text: "079_Compilers"]>, #Protocol.Types.Completion.Item<[label: "Config", kind: :module, detail: "Mix.Config", text_edit: %LXical.Document.Changes{document: #LXical.Document<path: "/Users/zoedsoupe/dev/supabase/supabase_potion/apps/supabase_storage/mix.exs", version: 95, dirty?: true, lines: %Lines<"defmodule Supabase.Storage.MixProject do..."(69 lines)>, ...>, edits: %LXical.Document.Edit{text: "Config", range: %LXical.Document.Range{start: %LXical.Document.Position{line: 34, character: 43, valid?: true, context_line: {:line, "      {:supabase_potion, umbrella_dep(Mix.)},", "\n", 34, true}, document_line_count: 69, starting_index: 1}, end: %LXical.Document.Position{line: 34, character: 43, valid?: true, context_line: {:line, "      {:supabase_potion, umbrella_dep(Mix.)},", "\n", 34, true}, document_line_count: 69, starting_index: 1}}}}, sort_text: "079_Config"]>, #Protocol.Types.Completion.Item<[label: "Dep", kind: :module, detail: "Mix.Dep", text_edit: %LXical.Document.Changes{document: #LXical.Document<path: "/Users/zoedsoupe/dev/supabase/supabase_potion/apps/supabase_storage/mix.exs", version: 95, dirty?: true, lines: %Lines<"defmodule Supabase.Storage.MixProject do..."(69 lines)>, ...>, edits: %LXical.Document.Edit{text: "Dep", range: %LXical.Document.Range{start: %LXical.Document.Position{line: 34, character: 43, valid?: true, context_line: {:line, "      {:supabase_potion, umbrella_dep(Mix.)},", "\n", 34, true}, document_line_count: 69, starting_index: 1}, end: %LXical.Document.Position{line: 34, character: 43, valid?: true, context_line: {:line, "      {:supabase_potion, umbrella_dep(Mix.)},", "\n", 34, true}, document_line_count: 69, starting_index: 1}}}}, sort_text: "079_Dep"]>, #Protocol.Types.Completion.Item<[label: "Generator", kind: :module, detail: "Conveniences for working with paths and generating content.\n", text_edit: %LXical.Document.Changes{document: #LXical.Document<path: "/Users/zoedsoupe/dev/supabase/supabase_potion/apps/supabase_storage/mix.exs", version: 95, dirty?: true, lines: %Lines<"defmodule Supabase.Storage.MixProject do..."(69 lines)>, ...>, edits: %LXical.Document.Edit{text: "Generator", range: %LXical.Document.Range{start: %LXical.Document.Position{line: 34, character: 43, valid?: true, context_line: {:line, "      {:supabase_potion, umbrella_dep(Mix.)},", "\n", 34, true}, document_line_count: 69, starting_index: 1}, end: %LXical.Document.Position{line: 34, character: 43, valid?: true, context_line: {:line, "      {:supabase_potion, umbrella_dep(Mix.)},", "\n", 34, true}, document_line_count: 69, starting_index: 1}}}}, sort_text: "079_Generator"]>, #Protocol.Types.Completion.Item<[label: "Hex", kind: :module, detail: "Mix.Hex", text_edit: %LXical.Document.Changes{document: #LXical.Document<path: "/Users/zoedsoupe/dev/supabase/supabase_potion/apps/supabase_storage/mix.exs", version: 95, dirty?: true, lines: %Lines<"defmodule Supabase.Storage.MixProject do..."(69 lines)>, ...>, edits: %LXical.Document.Edit{text: "Hex", range: %LXical.Document.Range{start: %LXical.Document.Position{line: 34, character: 43, valid?: true, context_line: {:line, "      {:supabase_potion, umbrella_dep(Mix.)},", "\n", 34, true}, document_line_count: 69, starting_index: 1}, end: %LXical.Document.Position{line: 34, character: 43, valid?: true, context_line: {:line, "      {:supabase_potion, umbrella_dep(Mix.)},", "\n", 34, true}, document_line_count: 69, starting_index: 1}}}}, sort_text: "079_Hex"]>, #Protocol.Types.Completion.Item<[label: "Local", kind: :module, detail: "Mix.Local", text_edit: %LXical.Document.Changes{document: #LXical.Document<path: "/Users/zoedsoupe/dev/supabase/supabase_potion/apps/supabase_storage/mix.exs", version: 95, dirty?: true, lines: %Lines<"defmodule Supabase.Storage.MixProject do..."(69 lines)>, ...>, edits: %LXical.Document.Edit{text: "Local", range: %LXical.Document.Range{start: %LXical.Document.Position{line: 34, character: 43, valid?: true, context_line: {:line, "      {:supabase_potion, umbrella_dep(Mix.)},", "\n", 34, true}, document_line_count: 69, starting_index: 1}, end: %LXical.Document.Position{line: 34, character: 43, valid?: true, context_line: {:line, "      {:supabase_potion, umbrella_dep(Mix.)},", "\n", 34, true}, document_line_count: 69, starting_index: 1}}}}, sort_text: "079_Local"]>, #Protocol.Types.Completion.Item<[label: "Project", kind: :module, detail: "Defines and manipulates Mix projects.", text_edit: %LXical.Document.Changes{document: #LXical.Document<path: "/Users/zoedsoupe/dev/supabase/supabase_potion/apps/supabase_storage/mix.exs", version: 95, dirty?: true, lines: %Lines<"defmodule Supabase.Storage.MixProject do..."(69 lines)>, ...>, edits: %LXical.Document.Edit{text: "Project", range: %LXical.Document.Range{start: %LXical.Document.Position{line: 34, character: 43, valid?: true, context_line: {:line, "      {:supabase_potion, umbrella_dep(Mix.)},", "\n", 34, true}, document_line_count: 69, starting_index: 1}, end: %LXical.Document.Position{line: 34, character: 43, valid?: true, context_line: {:line, "      {:supabase_potion, umbrella_dep(Mix.)},", "\n", 34, true}, document_line_count: 69, starting_index: 1}}}}, sort_text: "079_Project"]>, #Protocol.Types.Completion.Item<[label: "ProjectStack", kind: :module, detail: "Mix.ProjectStack", text_edit: %LXical.Document.Changes{document: #LXical.Document<path: "/Users/zoedsoupe/dev/supabase/supabase_potion/apps/supabase_storage/mix.exs", version: 95, dirty?: true, lines: %Lines<"defmodule Supabase.Storage.MixPro (truncated)
10:05:07.871 [info] Compiled supabase_potion in 6 ms
10:05:07.873 [error] Invalid diagnostic: {:exception, {%Mix.Error{message: "Can't continue due to errors on dependencies", mix: 1}, [{Mix, :raise, 2, [file: ~c"lib/mix.ex", line: 577]}, {Mix.Tasks.Deps.Loadpaths, :run, 1, [file: ~c"lib/mix/tasks/deps.loadpaths.ex", line: 47]}, {Mix.Task, :"-run_task/5-fun-3-", 3, [file: ~c"lib/mix/task.ex", line: 455]}, {Mix.Tasks.Loadpaths, :run, 1, [file: ~c"lib/mix/tasks/loadpaths.ex", line: 36]}, {Mix.Task, :"-run_task/5-fun-3-", 3, [file: ~c"lib/mix/task.ex", line: 455]}, {Mix.Tasks.Compile, :run, 1, [file: ~c"lib/mix/tasks/compile.ex", line: 135]}, {Mix.Task, :"-run_task/5-fun-3-", 3, [file: ~c"lib/mix/task.ex", line: 455]}, {LXical.RemoteControl.Build.Project, :"-compile/2-fun-0-", 1, [file: ~c"lib/lexical/remote_control/build/project.ex", line: 20]}]}, [{Mix, :raise, 2, [file: ~c"lib/mix.ex", line: 577]}, {Mix.Tasks.Deps.Loadpaths, :run, 1, [file: ~c"lib/mix/tasks/deps.loadpaths.ex", line: 47]}, {Mix.Task, :"-run_task/5-fun-3-", 3, [file: ~c"lib/mix/task.ex", line: 455]}, {Mix.Tasks.Loadpaths, :run, 1, [file: ~c"lib/mix/tasks/loadpaths.ex", line: 36]}, {Mix.Task, :"-run_task/5-fun-3-", 3, [file: ~c"lib/mix/task.ex", line: 455]}, {Mix.Tasks.Compile, :run, 1, [file: ~c"lib/mix/tasks/compile.ex", line: 135]}, {Mix.Task, :"-run_task/5-fun-3-", 3, [file: ~c"lib/mix/task.ex", line: 455]}, {LXical.RemoteControl.Build.Project, :"-compile/2-fun-0-", 1, [file: ~c"lib/lexical/remote_control/build/project.ex", line: 20]}]}
10:05:12.192 [info] opened file:///Users/zoedsoupe/dev/supabase/supabase_potion/apps/supabase_postgrest/mix.exs
10:05:23.535 [info] Completion for %LXical.Document.Position{line: 34, character: 31, valid?: true, context_line: {:line, "      {:supabase_potion, umbre},", "\n", 34, true}, document_line_count: 69, starting_index: 1}
10:05:23.572 [info] Local completions are [%LXical.RemoteControl.Completion.Candidate.Function{argument_names: ["_"], arity: 1, name: "umbrella_dep", origin: "Supabase.PostgREST.MixProject", type: :function, visibility: :private, spec: "", metadata: %{}}]
10:05:23.580 [info] Emitting completions: [#Protocol.Types.Completion.Item<[label: "umbrella_dep(_)", kind: :function, text_edit: %LXical.Document.Changes{document: #LXical.Document<path: "/Users/zoedsoupe/dev/supabase/supabase_potion/apps/supabase_postgrest/mix.exs", version: 9, dirty?: true, lines: %Lines<"defmodule Supabase.PostgREST.MixProject do..."(69 lines)>, ...>, edits: %LXical.Document.Edit{text: "umbrella_dep(${1:_})", range: %LXical.Document.Range{start: %LXical.Document.Position{line: 34, character: 26, valid?: true, context_line: {:line, "      {:supabase_potion, umbre},", "\n", 34, true}, document_line_count: 69, starting_index: 1}, end: %LXical.Document.Position{line: 34, character: 31, valid?: true, context_line: {:line, "      {:supabase_potion, umbre},", "\n", 34, true}, document_line_count: 69, starting_index: 1}}}}, insert_text_format: :snippet, sort_text: "094_umbrella_dep:001"]>]
10:05:24.984 [info] Completion for %LXical.Document.Position{line: 34, character: 43, valid?: true, context_line: {:line, "      {:supabase_potion, umbrella_dep(Mix.)},", "\n", 34, true}, document_line_count: 69, starting_index: 1}
10:05:25.077 [info] Local completions are [%LXical.RemoteControl.Completion.Candidate.Module{full_name: "Mix.AppLoader", metadata: %{}, name: "AppLoader", summary: ""}, %LXical.RemoteControl.Completion.Candidate.Module{full_name: "Mix.CLI", metadata: %{}, name: "CLI", summary: ""}, %LXical.RemoteControl.Completion.Candidate.Module{full_name: "Mix.Compilers", metadata: %{}, name: "Compilers", summary: ""}, %LXical.RemoteControl.Completion.Candidate.Module{full_name: "Mix.Config", metadata: %{}, name: "Config", summary: ""}, %LXical.RemoteControl.Completion.Candidate.Struct{full_name: "Mix.Dep", metadata: %{}, name: "Dep", summary: ""}, %LXical.RemoteControl.Completion.Candidate.Exception{full_name: "Mix.ElixirVersionError", metadata: %{}, name: "ElixirVersionError", summary: ""}, %LXical.RemoteControl.Completion.Candidate.Exception{full_name: "Mix.Error", metadata: %{}, name: "Error", summary: ""}, %LXical.RemoteControl.Completion.Candidate.Module{full_name: "Mix.Generator", metadata: %{}, name: "Generator", summary: "Conveniences for working with paths and generating content.\n"}, %LXical.RemoteControl.Completion.Candidate.Module{full_name: "Mix.Hex", metadata: %{}, name: "Hex", summary: ""}, %LXical.RemoteControl.Completion.Candidate.Exception{full_name: "Mix.InvalidTaskError", metadata: %{}, name: "InvalidTaskError", summary: ""}, %LXical.RemoteControl.Completion.Candidate.Module{full_name: "Mix.Local", metadata: %{}, name: "Local", summary: ""}, %LXical.RemoteControl.Completion.Candidate.Exception{full_name: "Mix.NoProjectError", metadata: %{}, name: "NoProjectError", summary: ""}, %LXical.RemoteControl.Completion.Candidate.Exception{full_name: "Mix.NoTaskError", metadata: %{}, name: "NoTaskError", summary: ""}, %LXical.RemoteControl.Completion.Candidate.Module{full_name: "Mix.Project", metadata: %{}, name: "Project", summary: "Defines and manipulates Mix projects."}, %LXical.RemoteControl.Completion.Candidate.Module{full_name: "Mix.ProjectStack", metadata: %{}, name: "ProjectStack", summary: ""}, %LXical.RemoteControl.Completion.Candidate.Module{full_name: "Mix.Rebar", metadata: %{}, name: "Rebar", summary: ""}, %LXical.RemoteControl.Completion.Candidate.Struct{full_name: "Mix.Release", metadata: %{}, name: "Release", summary: "Defines the release structure and convenience for assembling releases.\n"}, %LXical.RemoteControl.Completion.Candidate.Behaviour{full_name: "Mix.RemoteConverger", metadata: %{}, name: "RemoteConverger", summary: ""}, %LXical.RemoteControl.Completion.Candidate.Behaviour{full_name: "Mix.SCM", metadata: %{}, name: "SCM", summary: "This module provides helper functions and defines the\nbehaviour required by any source code manager (SCM) used by Mix.\n"}, %LXical.RemoteControl.Completion.Candidate.Struct{full_name: "Mix.Shell", metadata: %{}, name: "Shell", summary: "Defines `Mix.Shell` contract.\n"}, %LXical.RemoteControl.Completion.Candidate.Module{full_name: "Mix.State", metadata: %{}, name: "State", summary: ""}, %LXical.RemoteControl.Completion.Candidate.Behaviour{full_name: "Mix.Task", metadata: %{}, name: "Task", summary: "Provides conveniences for creating, loading, and manipulating Mix tasks."}, %LXical.RemoteControl.Completion.Candidate.Module{full_name: "Mix.Tasks", metadata: %{}, name: "Tasks", summary: ""}, %LXical.RemoteControl.Completion.Candidate.Module{full_name: "Mix.TasksServer", metadata: %{}, name: "TasksServer", summary: ""}, %LXical.RemoteControl.Completion.Candidate.Module{full_name: "Mix.Utils", metadata: %{}, name: "Utils", summary: ""}, %LXical.RemoteControl.Completion.Candidate.Function{argument_names: ["atom"], arity: 1, name: "__info__", origin: "Mix", type: :function, visibility: :public, spec: "@spec __info__(:attributes) :: keyword()\n@spec __info__(:compile) :: [term()]\n@spec __info__(:functions) :: [{atom, non_neg_integer}]\n@spec __info__(:macros) :: [{atom, non_neg_integer}]\n@spec __info__(:md5) :: binary()\n@spec __info__(:module) :: module()", metadata: %{builtin: true}}, %LXical.RemoteControl.Completion.Candidate.Function{argument_names: [], arity: 0, name: "compilers", origin: "Mix", type: :function, visibility: :public, spec: "@spec compilers :: [atom]", metadata: %{}}, %LXical.RemoteControl.Completion.Candidate.Function{argument_names: ["debug"], arity: 1, name: "debug", origin: "Mix", type: :function, visibility: :public, spec: "@spec debug(boolean) :: :ok", metadata: %{}}, %LXical.RemoteControl.Completion.Candidate.Function{argument_names: [], arity: 0, name: "debug?", origin: "Mix", type: :function, visibility: :public, spec: "@spec debug? :: boolean", metadata: %{}}, %LXical.RemoteControl.Completion.Candidate.Function{argument_names: ["app"], arity: 1, name: "ensure_application!", origin: "Mix", type: :function, visibility: :public, spec: "", metadata: %{since: "1.15.0"}}, %LXical.RemoteControl.Completion.Candidate.Function{argument_names: [], arity: 0, name: "env", origin: "Mix", type: :function, visibility: :public, spec: "@spec env :: atom", metadata: %{}}, %LXical.RemoteControl.Completion.Candidate.Function{argument_names: ["env"], arity: 1, name: "env", origin: "Mix", type: :function, visibility: :public, spec: "@spec env(atom) :: :ok", metadata: %{}}, %LXical.RemoteControl.Completion.Candidate.Function{argument_names: ["deps"], arity: 1, name: "install", origin: "Mix", type: :function, visibility: :public, spec: "", metadata: %{defaults: 1, since: "1.12.0"}}, %LXical.RemoteControl.Completion.Candidate.Function{argument_names: ["deps", "opts"], arity: 2, name: "install", origin: "Mix", type: :function, visibility: :public, spec: "", metadata: %{defaults: 1, since: "1.12.0"}}, %LXical.RemoteControl.Completion.Candidate.Function{argument_names: [], arity: 0, name: "install?", origin: "Mix", type: :function, visibility: :public, spec: "", metadata: %{}}, %LXical.RemoteControl.Completion.Candidate.Function{argument_names: [], arity: 0, name: "installed?", origin: "Mix", type: :function, visibility: :public, spec: "", metadata: %{since: "1.13.0"}}, %LXical.RemoteControl.Completion.Candidate.Function{argument_names: [], arity: 0, name: "module_info", origin: "Mix", type: :function, visibility: :public, spec: "@spec module_info :: [{:module | :attributes | :compile | :exports | :md5 | :native, term}]", metadata: %{builtin: true}}, %LXical.RemoteControl.Completion.Candidate.Function{argument_names: ["key"], arity: 1, name: "module_info", origin: "Mix", type: :function, visibility: :public, spec: "@spec module_info(:module) :: atom\n@spec module_info(:attributes | :compile) :: [{atom, term}]\n@spec module_info(:md5) :: binary\n@spec module_info(:exports | :functions | :nifs) :: [{atom, non_neg_integer}]\n@spec module_info(:native) :: boolean", metadata: %{builtin: true}}, %LXical.RemoteControl.Completion.Candidate.Function{argument_names: ["atom"], arity: 1, name: "path_for", origin: "Mix", type: :function, visibility: :public, spec: "@spec path_for(:archives | :escripts) :: String.t", metadata: %{since: "1.10.0"}}, %LXical.RemoteControl.Completion.Candidate.Function{argument_names: ["message"], arity: 1, name: "raise", origin: "Mix", type: :function, visibility: :public, spec: "@spec raise(binary) :: no_return", metadata: %{}}, %LXical.RemoteControl.Completion.Candidate.Function{argument_names: ["message", "opts"], arity: 2, name: "raise", origin: "Mix", type: :function, visibility: :public, spec: "@spec raise(binary, [{:exit_status, non_neg_integer}]) :: no_return", metadata: %{since: "1.12.3"}}, %LXical.RemoteControl.Completion.Candidate.Function{argument_names: [], arity: 0, name: "shell", origin: "Mix", type: :function, visibility: :public, spec: "@spec shell :: module", metadata: %{}}, %LXical.RemoteControl.Completion.Candidate.Function{argument_names: ["shell"], arity: 1, name: "shell", origin: "Mix", type: :function, visibility: :public, spec: "@spec shell(module) :: :ok", ...}, %LXical.RemoteControl.Completion.Candidate.Function{argument_names: [], arity: 0, name: "start", origin: "Mix", type: :function, visibility: :public, ...}, %LXical.RemoteControl.Completion.Candidate.Function{argu (truncated)
10:05:25.228 [info] Emitting completions: [#Protocol.Types.Completion.Item<[label: "AppLoader", kind: :module, detail: "Mix.AppLoader", text_edit: %LXical.Document.Changes{document: #LXical.Document<path: "/Users/zoedsoupe/dev/supabase/supabase_potion/apps/supabase_postgrest/mix.exs", version: 16, dirty?: true, lines: %Lines<"defmodule Supabase.PostgREST.MixProject do..."(69 lines)>, ...>, edits: %LXical.Document.Edit{text: "AppLoader", range: %LXical.Document.Range{start: %LXical.Document.Position{line: 34, character: 43, valid?: true, context_line: {:line, "      {:supabase_potion, umbrella_dep(Mix.)},", "\n", 34, true}, document_line_count: 69, starting_index: 1}, end: %LXical.Document.Position{line: 34, character: 43, valid?: true, context_line: {:line, "      {:supabase_potion, umbrella_dep(Mix.)},", "\n", 34, true}, document_line_count: 69, starting_index: 1}}}}, sort_text: "079_AppLoader"]>, #Protocol.Types.Completion.Item<[label: "CLI", kind: :module, detail: "Mix.CLI", text_edit: %LXical.Document.Changes{document: #LXical.Document<path: "/Users/zoedsoupe/dev/supabase/supabase_potion/apps/supabase_postgrest/mix.exs", version: 16, dirty?: true, lines: %Lines<"defmodule Supabase.PostgREST.MixProject do..."(69 lines)>, ...>, edits: %LXical.Document.Edit{text: "CLI", range: %LXical.Document.Range{start: %LXical.Document.Position{line: 34, character: 43, valid?: true, context_line: {:line, "      {:supabase_potion, umbrella_dep(Mix.)},", "\n", 34, true}, document_line_count: 69, starting_index: 1}, end: %LXical.Document.Position{line: 34, character: 43, valid?: true, context_line: {:line, "      {:supabase_potion, umbrella_dep(Mix.)},", "\n", 34, true}, document_line_count: 69, starting_index: 1}}}}, sort_text: "079_CLI"]>, #Protocol.Types.Completion.Item<[label: "Compilers", kind: :module, detail: "Mix.Compilers", text_edit: %LXical.Document.Changes{document: #LXical.Document<path: "/Users/zoedsoupe/dev/supabase/supabase_potion/apps/supabase_postgrest/mix.exs", version: 16, dirty?: true, lines: %Lines<"defmodule Supabase.PostgREST.MixProject do..."(69 lines)>, ...>, edits: %LXical.Document.Edit{text: "Compilers", range: %LXical.Document.Range{start: %LXical.Document.Position{line: 34, character: 43, valid?: true, context_line: {:line, "      {:supabase_potion, umbrella_dep(Mix.)},", "\n", 34, true}, document_line_count: 69, starting_index: 1}, end: %LXical.Document.Position{line: 34, character: 43, valid?: true, context_line: {:line, "      {:supabase_potion, umbrella_dep(Mix.)},", "\n", 34, true}, document_line_count: 69, starting_index: 1}}}}, sort_text: "079_Compilers"]>, #Protocol.Types.Completion.Item<[label: "Config", kind: :module, detail: "Mix.Config", text_edit: %LXical.Document.Changes{document: #LXical.Document<path: "/Users/zoedsoupe/dev/supabase/supabase_potion/apps/supabase_postgrest/mix.exs", version: 16, dirty?: true, lines: %Lines<"defmodule Supabase.PostgREST.MixProject do..."(69 lines)>, ...>, edits: %LXical.Document.Edit{text: "Config", range: %LXical.Document.Range{start: %LXical.Document.Position{line: 34, character: 43, valid?: true, context_line: {:line, "      {:supabase_potion, umbrella_dep(Mix.)},", "\n", 34, true}, document_line_count: 69, starting_index: 1}, end: %LXical.Document.Position{line: 34, character: 43, valid?: true, context_line: {:line, "      {:supabase_potion, umbrella_dep(Mix.)},", "\n", 34, true}, document_line_count: 69, starting_index: 1}}}}, sort_text: "079_Config"]>, #Protocol.Types.Completion.Item<[label: "Dep", kind: :module, detail: "Mix.Dep", text_edit: %LXical.Document.Changes{document: #LXical.Document<path: "/Users/zoedsoupe/dev/supabase/supabase_potion/apps/supabase_postgrest/mix.exs", version: 16, dirty?: true, lines: %Lines<"defmodule Supabase.PostgREST.MixProject do..."(69 lines)>, ...>, edits: %LXical.Document.Edit{text: "Dep", range: %LXical.Document.Range{start: %LXical.Document.Position{line: 34, character: 43, valid?: true, context_line: {:line, "      {:supabase_potion, umbrella_dep(Mix.)},", "\n", 34, true}, document_line_count: 69, starting_index: 1}, end: %LXical.Document.Position{line: 34, character: 43, valid?: true, context_line: {:line, "      {:supabase_potion, umbrella_dep(Mix.)},", "\n", 34, true}, document_line_count: 69, starting_index: 1}}}}, sort_text: "079_Dep"]>, #Protocol.Types.Completion.Item<[label: "Generator", kind: :module, detail: "Conveniences for working with paths and generating content.\n", text_edit: %LXical.Document.Changes{document: #LXical.Document<path: "/Users/zoedsoupe/dev/supabase/supabase_potion/apps/supabase_postgrest/mix.exs", version: 16, dirty?: true, lines: %Lines<"defmodule Supabase.PostgREST.MixProject do..."(69 lines)>, ...>, edits: %LXical.Document.Edit{text: "Generator", range: %LXical.Document.Range{start: %LXical.Document.Position{line: 34, character: 43, valid?: true, context_line: {:line, "      {:supabase_potion, umbrella_dep(Mix.)},", "\n", 34, true}, document_line_count: 69, starting_index: 1}, end: %LXical.Document.Position{line: 34, character: 43, valid?: true, context_line: {:line, "      {:supabase_potion, umbrella_dep(Mix.)},", "\n", 34, true}, document_line_count: 69, starting_index: 1}}}}, sort_text: "079_Generator"]>, #Protocol.Types.Completion.Item<[label: "Hex", kind: :module, detail: "Mix.Hex", text_edit: %LXical.Document.Changes{document: #LXical.Document<path: "/Users/zoedsoupe/dev/supabase/supabase_potion/apps/supabase_postgrest/mix.exs", version: 16, dirty?: true, lines: %Lines<"defmodule Supabase.PostgREST.MixProject do..."(69 lines)>, ...>, edits: %LXical.Document.Edit{text: "Hex", range: %LXical.Document.Range{start: %LXical.Document.Position{line: 34, character: 43, valid?: true, context_line: {:line, "      {:supabase_potion, umbrella_dep(Mix.)},", "\n", 34, true}, document_line_count: 69, starting_index: 1}, end: %LXical.Document.Position{line: 34, character: 43, valid?: true, context_line: {:line, "      {:supabase_potion, umbrella_dep(Mix.)},", "\n", 34, true}, document_line_count: 69, starting_index: 1}}}}, sort_text: "079_Hex"]>, #Protocol.Types.Completion.Item<[label: "Local", kind: :module, detail: "Mix.Local", text_edit: %LXical.Document.Changes{document: #LXical.Document<path: "/Users/zoedsoupe/dev/supabase/supabase_potion/apps/supabase_postgrest/mix.exs", version: 16, dirty?: true, lines: %Lines<"defmodule Supabase.PostgREST.MixProject do..."(69 lines)>, ...>, edits: %LXical.Document.Edit{text: "Local", range: %LXical.Document.Range{start: %LXical.Document.Position{line: 34, character: 43, valid?: true, context_line: {:line, "      {:supabase_potion, umbrella_dep(Mix.)},", "\n", 34, true}, document_line_count: 69, starting_index: 1}, end: %LXical.Document.Position{line: 34, character: 43, valid?: true, context_line: {:line, "      {:supabase_potion, umbrella_dep(Mix.)},", "\n", 34, true}, document_line_count: 69, starting_index: 1}}}}, sort_text: "079_Local"]>, #Protocol.Types.Completion.Item<[label: "Project", kind: :module, detail: "Defines and manipulates Mix projects.", text_edit: %LXical.Document.Changes{document: #LXical.Document<path: "/Users/zoedsoupe/dev/supabase/supabase_potion/apps/supabase_postgrest/mix.exs", version: 16, dirty?: true, lines: %Lines<"defmodule Supabase.PostgREST.MixProject do..."(69 lines)>, ...>, edits: %LXical.Document.Edit{text: "Project", range: %LXical.Document.Range{start: %LXical.Document.Position{line: 34, character: 43, valid?: true, context_line: {:line, "      {:supabase_potion, umbrella_dep(Mix.)},", "\n", 34, true}, document_line_count: 69, starting_index: 1}, end: %LXical.Document.Position{line: 34, character: 43, valid?: true, context_line: {:line, "      {:supabase_potion, umbrella_dep(Mix.)},", "\n", 34, true}, document_line_count: 69, starting_index: 1}}}}, sort_text: "079_Project"]>, #Protocol.Types.Completion.Item<[label: "ProjectStack", kind: :module, detail: "Mix.ProjectStack", text_edit: %LXical.Document.Changes{document: #LXical.Document<path: "/Users/zoedsoupe/dev/supabase/supabase_potion/apps/supabase_postgrest/mix.exs", version: 16, dirty?: true, lines: %Li (truncated)
10:05:27.760 [error] Shutting down
10:05:27.761 [error] Received workspace/didChangeWatchedFiles after shutdown. Ignoring
